{"/home/bida/Projetos/InfoDengue/epi-scanner/src/components/charts/stat-cards.tsx": {"path":"/home/bida/Projetos/InfoDengue/epi-scanner/src/components/charts/stat-cards.tsx","statementMap":{"0":{"start":{"line":21,"column":22},"end":{"line":21,"column":null}},"1":{"start":{"line":22,"column":16},"end":{"line":47,"column":null}},"2":{"start":{"line":49,"column":2},"end":{"line":74,"column":null}},"3":{"start":{"line":52,"column":8},"end":{"line":72,"column":null}}},"fnMap":{"0":{"name":"StatCards","decl":{"start":{"line":13,"column":16},"end":{"line":13,"column":26}},"loc":{"start":{"line":20,"column":19},"end":{"line":76,"column":null}},"line":20},"1":{"name":"(anonymous_1)","decl":{"start":{"line":51,"column":13},"end":{"line":51,"column":18}},"loc":{"start":{"line":52,"column":8},"end":{"line":72,"column":null}},"line":52}},"branchMap":{"0":{"loc":{"start":{"line":18,"column":2},"end":{"line":18,"column":null}},"type":"default-arg","locations":[{"start":{"line":18,"column":12},"end":{"line":18,"column":null}}],"line":18},"1":{"loc":{"start":{"line":21,"column":22},"end":{"line":21,"column":null}},"type":"cond-expr","locations":[{"start":{"line":21,"column":61},"end":{"line":21,"column":75}},{"start":{"line":21,"column":75},"end":{"line":21,"column":null}}],"line":21},"2":{"loc":{"start":{"line":21,"column":22},"end":{"line":21,"column":61}},"type":"binary-expr","locations":[{"start":{"line":21,"column":22},"end":{"line":21,"column":37}},{"start":{"line":21,"column":37},"end":{"line":21,"column":61}}],"line":21},"3":{"loc":{"start":{"line":64,"column":15},"end":{"line":67,"column":null}},"type":"cond-expr","locations":[{"start":{"line":65,"column":16},"end":{"line":67,"column":21}},{"start":{"line":67,"column":16},"end":{"line":67,"column":null}}],"line":64}},"s":{"0":4,"1":4,"2":4,"3":16},"f":{"0":4,"1":16},"b":{"0":[4],"1":[0,4],"2":[4,0],"3":[4,12]},"meta":{"lastBranch":4,"lastFunction":2,"lastStatement":4,"seen":{"f:13:16:13:26":0,"b:18:12:18:Infinity":0,"s:21:22:21:Infinity":0,"b:21:61:21:75:21:75:21:Infinity":1,"b:21:22:21:37:21:37:21:61":2,"s:22:16:47:Infinity":1,"s:49:2:74:Infinity":2,"f:51:13:51:18":1,"s:52:8:72:Infinity":3,"b:65:16:67:21:67:16:67:Infinity":3},"fnNames":{}}}
,"/home/bida/Projetos/InfoDengue/epi-scanner/src/components/layout/footer.tsx": {"path":"/home/bida/Projetos/InfoDengue/epi-scanner/src/components/layout/footer.tsx","statementMap":{"0":{"start":{"line":2,"column":15},"end":{"line":2,"column":null}},"1":{"start":{"line":3,"column":2},"end":{"line":41,"column":null}}},"fnMap":{"0":{"name":"Footer","decl":{"start":{"line":1,"column":16},"end":{"line":1,"column":25}},"loc":{"start":{"line":1,"column":25},"end":{"line":43,"column":null}},"line":1}},"branchMap":{},"s":{"0":5,"1":5},"f":{"0":5},"b":{},"meta":{"lastBranch":0,"lastFunction":1,"lastStatement":2,"seen":{"f:1:16:1:25":0,"s:2:15:2:Infinity":0,"s:3:2:41:Infinity":1},"fnNames":{}}}
,"/home/bida/Projetos/InfoDengue/epi-scanner/src/components/layout/header.tsx": {"path":"/home/bida/Projetos/InfoDengue/epi-scanner/src/components/layout/header.tsx","statementMap":{"0":{"start":{"line":6,"column":2},"end":{"line":33,"column":null}}},"fnMap":{"0":{"name":"DashboardHeader","decl":{"start":{"line":5,"column":16},"end":{"line":5,"column":32}},"loc":{"start":{"line":5,"column":76},"end":{"line":35,"column":null}},"line":5}},"branchMap":{},"s":{"0":4},"f":{"0":4},"b":{},"meta":{"lastBranch":0,"lastFunction":1,"lastStatement":1,"seen":{"f:5:16:5:32":0,"s:6:2:33:Infinity":0},"fnNames":{}}}
,"/home/bida/Projetos/InfoDengue/epi-scanner/src/components/layout/sidebar.tsx": {"path":"/home/bida/Projetos/InfoDengue/epi-scanner/src/components/layout/sidebar.tsx","statementMap":{"0":{"start":{"line":1,"column":0},"end":{"line":1,"column":null}},"1":{"start":{"line":31,"column":22},"end":{"line":59,"column":null}},"2":{"start":{"line":61,"column":24},"end":{"line":64,"column":null}},"3":{"start":{"line":80,"column":34},"end":{"line":80,"column":null}},"4":{"start":{"line":81,"column":24},"end":{"line":81,"column":null}},"5":{"start":{"line":82,"column":27},"end":{"line":82,"column":null}},"6":{"start":{"line":82,"column":46},"end":{"line":82,"column":72}},"7":{"start":{"line":83,"column":23},"end":{"line":83,"column":null}},"8":{"start":{"line":83,"column":51},"end":{"line":83,"column":70}},"9":{"start":{"line":84,"column":21},"end":{"line":84,"column":null}},"10":{"start":{"line":84,"column":47},"end":{"line":84,"column":63}},"11":{"start":{"line":85,"column":2},"end":{"line":229,"column":null}},"12":{"start":{"line":97,"column":58},"end":{"line":97,"column":null}},"13":{"start":{"line":105,"column":18},"end":{"line":107,"column":null}},"14":{"start":{"line":118,"column":56},"end":{"line":118,"column":null}},"15":{"start":{"line":126,"column":18},"end":{"line":128,"column":null}},"16":{"start":{"line":139,"column":55},"end":{"line":139,"column":null}},"17":{"start":{"line":147,"column":18},"end":{"line":149,"column":null}},"18":{"start":{"line":160,"column":58},"end":{"line":160,"column":null}},"19":{"start":{"line":167,"column":18},"end":{"line":169,"column":null}},"20":{"start":{"line":190,"column":29},"end":{"line":190,"column":null}},"21":{"start":{"line":191,"column":14},"end":{"line":213,"column":null}},"22":{"start":{"line":195,"column":35},"end":{"line":195,"column":null}},"23":{"start":{"line":220,"column":29},"end":{"line":220,"column":null}}},"fnMap":{"0":{"name":"DashboardSidebar","decl":{"start":{"line":66,"column":16},"end":{"line":66,"column":33}},"loc":{"start":{"line":79,"column":17},"end":{"line":231,"column":null}},"line":79},"1":{"name":"(anonymous_1)","decl":{"start":{"line":82,"column":34},"end":{"line":82,"column":40}},"loc":{"start":{"line":82,"column":46},"end":{"line":82,"column":72}},"line":82},"2":{"name":"(anonymous_2)","decl":{"start":{"line":83,"column":39},"end":{"line":83,"column":45}},"loc":{"start":{"line":83,"column":51},"end":{"line":83,"column":70}},"line":83},"3":{"name":"(anonymous_3)","decl":{"start":{"line":84,"column":35},"end":{"line":84,"column":41}},"loc":{"start":{"line":84,"column":47},"end":{"line":84,"column":63}},"line":84},"4":{"name":"(anonymous_4)","decl":{"start":{"line":97,"column":36},"end":{"line":97,"column":52}},"loc":{"start":{"line":97,"column":58},"end":{"line":97,"column":null}},"line":97},"5":{"name":"(anonymous_5)","decl":{"start":{"line":104,"column":33},"end":{"line":104,"column":38}},"loc":{"start":{"line":105,"column":18},"end":{"line":107,"column":null}},"line":105},"6":{"name":"(anonymous_6)","decl":{"start":{"line":118,"column":34},"end":{"line":118,"column":50}},"loc":{"start":{"line":118,"column":56},"end":{"line":118,"column":null}},"line":118},"7":{"name":"(anonymous_7)","decl":{"start":{"line":125,"column":31},"end":{"line":125,"column":36}},"loc":{"start":{"line":126,"column":18},"end":{"line":128,"column":null}},"line":126},"8":{"name":"(anonymous_8)","decl":{"start":{"line":139,"column":33},"end":{"line":139,"column":49}},"loc":{"start":{"line":139,"column":55},"end":{"line":139,"column":null}},"line":139},"9":{"name":"(anonymous_9)","decl":{"start":{"line":146,"column":24},"end":{"line":146,"column":29}},"loc":{"start":{"line":147,"column":18},"end":{"line":149,"column":null}},"line":147},"10":{"name":"(anonymous_10)","decl":{"start":{"line":160,"column":36},"end":{"line":160,"column":52}},"loc":{"start":{"line":160,"column":58},"end":{"line":160,"column":null}},"line":160},"11":{"name":"(anonymous_11)","decl":{"start":{"line":166,"column":26},"end":{"line":166,"column":31}},"loc":{"start":{"line":167,"column":18},"end":{"line":169,"column":null}},"line":167},"12":{"name":"(anonymous_12)","decl":{"start":{"line":189,"column":27},"end":{"line":189,"column":32}},"loc":{"start":{"line":189,"column":41},"end":{"line":215,"column":13}},"line":189},"13":{"name":"(anonymous_13)","decl":{"start":{"line":195,"column":20},"end":{"line":195,"column":35}},"loc":{"start":{"line":195,"column":35},"end":{"line":195,"column":null}},"line":195},"14":{"name":"(anonymous_14)","decl":{"start":{"line":220,"column":14},"end":{"line":220,"column":29}},"loc":{"start":{"line":220,"column":29},"end":{"line":220,"column":null}},"line":220}},"branchMap":{"0":{"loc":{"start":{"line":75,"column":2},"end":{"line":75,"column":null}},"type":"default-arg","locations":[{"start":{"line":75,"column":12},"end":{"line":75,"column":null}}],"line":75},"1":{"loc":{"start":{"line":81,"column":24},"end":{"line":81,"column":null}},"type":"cond-expr","locations":[{"start":{"line":81,"column":35},"end":{"line":81,"column":47}},{"start":{"line":81,"column":47},"end":{"line":81,"column":null}}],"line":81},"2":{"loc":{"start":{"line":82,"column":27},"end":{"line":82,"column":null}},"type":"binary-expr","locations":[{"start":{"line":82,"column":27},"end":{"line":82,"column":83}},{"start":{"line":82,"column":83},"end":{"line":82,"column":null}}],"line":82},"3":{"loc":{"start":{"line":83,"column":23},"end":{"line":83,"column":null}},"type":"binary-expr","locations":[{"start":{"line":83,"column":23},"end":{"line":83,"column":82}},{"start":{"line":83,"column":82},"end":{"line":83,"column":null}}],"line":83},"4":{"loc":{"start":{"line":84,"column":21},"end":{"line":84,"column":null}},"type":"binary-expr","locations":[{"start":{"line":84,"column":21},"end":{"line":84,"column":74}},{"start":{"line":84,"column":74},"end":{"line":84,"column":null}}],"line":84},"5":{"loc":{"start":{"line":97,"column":58},"end":{"line":97,"column":null}},"type":"binary-expr","locations":[{"start":{"line":97,"column":58},"end":{"line":97,"column":63}},{"start":{"line":97,"column":63},"end":{"line":97,"column":null}}],"line":97},"6":{"loc":{"start":{"line":118,"column":56},"end":{"line":118,"column":null}},"type":"binary-expr","locations":[{"start":{"line":118,"column":56},"end":{"line":118,"column":61}},{"start":{"line":118,"column":61},"end":{"line":118,"column":null}}],"line":118},"7":{"loc":{"start":{"line":139,"column":55},"end":{"line":139,"column":null}},"type":"binary-expr","locations":[{"start":{"line":139,"column":55},"end":{"line":139,"column":60}},{"start":{"line":139,"column":60},"end":{"line":139,"column":null}}],"line":139},"8":{"loc":{"start":{"line":142,"column":19},"end":{"line":142,"column":null}},"type":"binary-expr","locations":[{"start":{"line":142,"column":19},"end":{"line":142,"column":39}},{"start":{"line":142,"column":39},"end":{"line":142,"column":null}}],"line":142},"9":{"loc":{"start":{"line":160,"column":58},"end":{"line":160,"column":null}},"type":"binary-expr","locations":[{"start":{"line":160,"column":58},"end":{"line":160,"column":63}},{"start":{"line":160,"column":63},"end":{"line":160,"column":null}}],"line":160},"10":{"loc":{"start":{"line":181,"column":13},"end":{"line":182,"column":null}},"type":"binary-expr","locations":[{"start":{"line":181,"column":13},"end":{"line":181,"column":24}},{"start":{"line":181,"column":24},"end":{"line":182,"column":null}}],"line":181},"11":{"loc":{"start":{"line":198,"column":22},"end":{"line":200,"column":null}},"type":"cond-expr","locations":[{"start":{"line":199,"column":26},"end":{"line":199,"column":null}},{"start":{"line":200,"column":26},"end":{"line":200,"column":null}}],"line":198},"12":{"loc":{"start":{"line":217,"column":11},"end":{"line":227,"column":null}},"type":"binary-expr","locations":[{"start":{"line":217,"column":11},"end":{"line":217,"column":null}},{"start":{"line":218,"column":12},"end":{"line":227,"column":null}}],"line":217},"13":{"loc":{"start":{"line":223,"column":15},"end":{"line":223,"column":null}},"type":"cond-expr","locations":[{"start":{"line":223,"column":26},"end":{"line":223,"column":40}},{"start":{"line":223,"column":40},"end":{"line":223,"column":null}}],"line":223},"14":{"loc":{"start":{"line":224,"column":71},"end":{"line":224,"column":104}},"type":"cond-expr","locations":[{"start":{"line":224,"column":82},"end":{"line":224,"column":97}},{"start":{"line":224,"column":97},"end":{"line":224,"column":104}}],"line":224}},"s":{"0":1,"1":1,"2":1,"3":19,"4":19,"5":19,"6":19,"7":19,"8":20,"9":19,"10":373,"11":19,"12":0,"13":38,"14":0,"15":513,"16":0,"17":19,"18":0,"19":36,"20":123,"21":123,"22":1,"23":3},"f":{"0":19,"1":19,"2":20,"3":373,"4":0,"5":38,"6":0,"7":513,"8":0,"9":19,"10":0,"11":36,"12":123,"13":1,"14":3},"b":{"0":[19],"1":[2,17],"2":[19,2],"3":[19,0],"4":[19,0],"5":[0,0],"6":[0,0],"7":[0,0],"8":[19,2],"9":[0,0],"10":[19,1],"11":[0,123],"12":[19,18],"13":[2,16],"14":[2,16]},"meta":{"lastBranch":15,"lastFunction":15,"lastStatement":24,"seen":{"s:1:0:1:Infinity":0,"s:31:22:59:Infinity":1,"s:61:24:64:Infinity":2,"f:66:16:66:33":0,"b:75:12:75:Infinity":0,"s:80:34:80:Infinity":3,"s:81:24:81:Infinity":4,"b:81:35:81:47:81:47:81:Infinity":1,"s:82:27:82:Infinity":5,"b:82:27:82:83:82:83:82:Infinity":2,"f:82:34:82:40":1,"s:82:46:82:72":6,"s:83:23:83:Infinity":7,"b:83:23:83:82:83:82:83:Infinity":3,"f:83:39:83:45":2,"s:83:51:83:70":8,"s:84:21:84:Infinity":9,"b:84:21:84:74:84:74:84:Infinity":4,"f:84:35:84:41":3,"s:84:47:84:63":10,"s:85:2:229:Infinity":11,"f:97:36:97:52":4,"s:97:58:97:Infinity":12,"b:97:58:97:63:97:63:97:Infinity":5,"f:104:33:104:38":5,"s:105:18:107:Infinity":13,"f:118:34:118:50":6,"s:118:56:118:Infinity":14,"b:118:56:118:61:118:61:118:Infinity":6,"f:125:31:125:36":7,"s:126:18:128:Infinity":15,"f:139:33:139:49":8,"s:139:55:139:Infinity":16,"b:139:55:139:60:139:60:139:Infinity":7,"b:142:19:142:39:142:39:142:Infinity":8,"f:146:24:146:29":9,"s:147:18:149:Infinity":17,"f:160:36:160:52":10,"s:160:58:160:Infinity":18,"b:160:58:160:63:160:63:160:Infinity":9,"f:166:26:166:31":11,"s:167:18:169:Infinity":19,"b:181:13:181:24:181:24:182:Infinity":10,"f:189:27:189:32":12,"s:190:29:190:Infinity":20,"s:191:14:213:Infinity":21,"f:195:20:195:35":13,"s:195:35:195:Infinity":22,"b:199:26:199:Infinity:200:26:200:Infinity":11,"b:217:11:217:Infinity:218:12:227:Infinity":12,"f:220:14:220:29":14,"s:220:29:220:Infinity":23,"b:223:26:223:40:223:40:223:Infinity":13,"b:224:82:224:97:224:97:224:104":14},"fnNames":{}}}
,"/home/bida/Projetos/InfoDengue/epi-scanner/src/components/tables/rank-table.tsx": {"path":"/home/bida/Projetos/InfoDengue/epi-scanner/src/components/tables/rank-table.tsx","statementMap":{"0":{"start":{"line":13,"column":18},"end":{"line":13,"column":null}},"1":{"start":{"line":16,"column":14},"end":{"line":16,"column":null}},"2":{"start":{"line":16,"column":42},"end":{"line":16,"column":49}},"3":{"start":{"line":18,"column":2},"end":{"line":46,"column":null}},"4":{"start":{"line":25,"column":8},"end":{"line":44,"column":null}}},"fnMap":{"0":{"name":"RankTable","decl":{"start":{"line":10,"column":16},"end":{"line":10,"column":26}},"loc":{"start":{"line":15,"column":19},"end":{"line":48,"column":null}},"line":15},"1":{"name":"(anonymous_1)","decl":{"start":{"line":13,"column":2},"end":{"line":13,"column":12}},"loc":{"start":{"line":13,"column":18},"end":{"line":13,"column":null}},"line":13},"2":{"name":"(anonymous_2)","decl":{"start":{"line":16,"column":31},"end":{"line":16,"column":36}},"loc":{"start":{"line":16,"column":42},"end":{"line":16,"column":49}},"line":16},"3":{"name":"(anonymous_3)","decl":{"start":{"line":24,"column":12},"end":{"line":24,"column":17}},"loc":{"start":{"line":25,"column":8},"end":{"line":44,"column":null}},"line":25}},"branchMap":{"0":{"loc":{"start":{"line":13,"column":2},"end":{"line":13,"column":null}},"type":"default-arg","locations":[{"start":{"line":13,"column":2},"end":{"line":13,"column":null}}],"line":13},"1":{"loc":{"start":{"line":14,"column":2},"end":{"line":14,"column":null}},"type":"default-arg","locations":[{"start":{"line":14,"column":13},"end":{"line":14,"column":null}}],"line":14}},"s":{"0":0,"1":5,"2":12,"3":5,"4":12},"f":{"0":5,"1":0,"2":12,"3":12},"b":{"0":[0],"1":[5]},"meta":{"lastBranch":2,"lastFunction":4,"lastStatement":5,"seen":{"f:10:16:10:26":0,"b:13:2:13:Infinity":0,"f:13:2:13:12":1,"s:13:18:13:Infinity":0,"b:14:13:14:Infinity":1,"s:16:14:16:Infinity":1,"f:16:31:16:36":2,"s:16:42:16:49":2,"s:18:2:46:Infinity":3,"f:24:12:24:17":3,"s:25:8:44:Infinity":4},"fnNames":{}}}
,"/home/bida/Projetos/InfoDengue/epi-scanner/src/components/ui/badge.tsx": {"path":"/home/bida/Projetos/InfoDengue/epi-scanner/src/components/ui/badge.tsx","statementMap":{"0":{"start":{"line":7,"column":22},"end":{"line":27,"column":null}},"1":{"start":{"line":35,"column":2},"end":{"line":48,"column":null}}},"fnMap":{"0":{"name":"Badge","decl":{"start":{"line":29,"column":9},"end":{"line":29,"column":15}},"loc":{"start":{"line":34,"column":74},"end":{"line":49,"column":null}},"line":34}},"branchMap":{"0":{"loc":{"start":{"line":31,"column":2},"end":{"line":31,"column":null}},"type":"default-arg","locations":[{"start":{"line":31,"column":12},"end":{"line":31,"column":null}}],"line":31}},"s":{"0":2,"1":126},"f":{"0":126},"b":{"0":[126]},"meta":{"lastBranch":1,"lastFunction":1,"lastStatement":2,"seen":{"s:7:22:27:Infinity":0,"f:29:9:29:15":0,"b:31:12:31:Infinity":0,"s:35:2:48:Infinity":1},"fnNames":{}}}
,"/home/bida/Projetos/InfoDengue/epi-scanner/src/components/ui/select.tsx": {"path":"/home/bida/Projetos/InfoDengue/epi-scanner/src/components/ui/select.tsx","statementMap":{"0":{"start":{"line":1,"column":0},"end":{"line":1,"column":null}},"1":{"start":{"line":9,"column":15},"end":{"line":9,"column":null}},"2":{"start":{"line":12,"column":2},"end":{"line":17,"column":null}},"3":{"start":{"line":22,"column":2},"end":{"line":27,"column":null}},"4":{"start":{"line":39,"column":2},"end":{"line":55,"column":null}},"5":{"start":{"line":73,"column":2},"end":{"line":94,"column":null}},"6":{"start":{"line":102,"column":2},"end":{"line":107,"column":null}},"7":{"start":{"line":116,"column":2},"end":{"line":135,"column":null}},"8":{"start":{"line":143,"column":2},"end":{"line":148,"column":null}},"9":{"start":{"line":156,"column":2},"end":{"line":167,"column":null}},"10":{"start":{"line":175,"column":2},"end":{"line":186,"column":null}}},"fnMap":{"0":{"name":"SelectGroup","decl":{"start":{"line":11,"column":9},"end":{"line":11,"column":21}},"loc":{"start":{"line":11,"column":75},"end":{"line":19,"column":null}},"line":11},"1":{"name":"SelectValue","decl":{"start":{"line":21,"column":9},"end":{"line":21,"column":21}},"loc":{"start":{"line":21,"column":75},"end":{"line":29,"column":null}},"line":21},"2":{"name":"SelectTrigger","decl":{"start":{"line":31,"column":9},"end":{"line":31,"column":23}},"loc":{"start":{"line":38,"column":3},"end":{"line":57,"column":null}},"line":38},"3":{"name":"SelectContent","decl":{"start":{"line":59,"column":9},"end":{"line":59,"column":23}},"loc":{"start":{"line":72,"column":5},"end":{"line":96,"column":null}},"line":72},"4":{"name":"SelectLabel","decl":{"start":{"line":98,"column":9},"end":{"line":98,"column":21}},"loc":{"start":{"line":101,"column":37},"end":{"line":109,"column":null}},"line":101},"5":{"name":"SelectItem","decl":{"start":{"line":111,"column":9},"end":{"line":111,"column":20}},"loc":{"start":{"line":115,"column":31},"end":{"line":137,"column":null}},"line":115},"6":{"name":"SelectSeparator","decl":{"start":{"line":139,"column":9},"end":{"line":139,"column":25}},"loc":{"start":{"line":142,"column":36},"end":{"line":150,"column":null}},"line":142},"7":{"name":"SelectScrollUpButton","decl":{"start":{"line":152,"column":9},"end":{"line":152,"column":30}},"loc":{"start":{"line":155,"column":63},"end":{"line":169,"column":null}},"line":155},"8":{"name":"SelectScrollDownButton","decl":{"start":{"line":171,"column":9},"end":{"line":171,"column":32}},"loc":{"start":{"line":174,"column":65},"end":{"line":188,"column":null}},"line":174}},"branchMap":{"0":{"loc":{"start":{"line":33,"column":2},"end":{"line":33,"column":null}},"type":"default-arg","locations":[{"start":{"line":33,"column":9},"end":{"line":33,"column":null}}],"line":33},"1":{"loc":{"start":{"line":62,"column":2},"end":{"line":62,"column":null}},"type":"default-arg","locations":[{"start":{"line":62,"column":9},"end":{"line":62,"column":null}}],"line":62},"2":{"loc":{"start":{"line":63,"column":2},"end":{"line":63,"column":null}},"type":"default-arg","locations":[{"start":{"line":63,"column":15},"end":{"line":63,"column":null}}],"line":63},"3":{"loc":{"start":{"line":64,"column":2},"end":{"line":64,"column":null}},"type":"default-arg","locations":[{"start":{"line":64,"column":10},"end":{"line":64,"column":null}}],"line":64},"4":{"loc":{"start":{"line":65,"column":2},"end":{"line":65,"column":null}},"type":"default-arg","locations":[{"start":{"line":65,"column":16},"end":{"line":65,"column":null}}],"line":65},"5":{"loc":{"start":{"line":66,"column":2},"end":{"line":66,"column":null}},"type":"default-arg","locations":[{"start":{"line":66,"column":25},"end":{"line":66,"column":null}}],"line":66}},"s":{"0":3,"1":3,"2":1,"3":80,"4":80,"5":77,"6":1,"7":2,"8":1,"9":1,"10":1},"f":{"0":1,"1":80,"2":80,"3":77,"4":1,"5":2,"6":1,"7":1,"8":1},"b":{"0":[80],"1":[77],"2":[77],"3":[77],"4":[77],"5":[77]},"meta":{"lastBranch":6,"lastFunction":9,"lastStatement":11,"seen":{"s:1:0:1:Infinity":0,"s:9:15:9:Infinity":1,"f:11:9:11:21":0,"s:12:2:17:Infinity":2,"f:21:9:21:21":1,"s:22:2:27:Infinity":3,"f:31:9:31:23":2,"b:33:9:33:Infinity":0,"s:39:2:55:Infinity":4,"f:59:9:59:23":3,"b:62:9:62:Infinity":1,"b:63:15:63:Infinity":2,"b:64:10:64:Infinity":3,"b:65:16:65:Infinity":4,"b:66:25:66:Infinity":5,"s:73:2:94:Infinity":5,"f:98:9:98:21":4,"s:102:2:107:Infinity":6,"f:111:9:111:20":5,"s:116:2:135:Infinity":7,"f:139:9:139:25":6,"s:143:2:148:Infinity":8,"f:152:9:152:30":7,"s:156:2:167:Infinity":9,"f:171:9:171:32":8,"s:175:2:186:Infinity":10},"fnNames":{}}}
,"/home/bida/Projetos/InfoDengue/epi-scanner/src/components/ui/separator.tsx": {"path":"/home/bida/Projetos/InfoDengue/epi-scanner/src/components/ui/separator.tsx","statementMap":{"0":{"start":{"line":1,"column":0},"end":{"line":1,"column":null}},"1":{"start":{"line":12,"column":2},"end":{"line":21,"column":null}}},"fnMap":{"0":{"name":"Separator","decl":{"start":{"line":7,"column":9},"end":{"line":7,"column":19}},"loc":{"start":{"line":11,"column":29},"end":{"line":23,"column":null}},"line":11}},"branchMap":{"0":{"loc":{"start":{"line":9,"column":2},"end":{"line":9,"column":null}},"type":"default-arg","locations":[{"start":{"line":9,"column":16},"end":{"line":9,"column":null}}],"line":9}},"s":{"0":1,"1":2},"f":{"0":2},"b":{"0":[2]},"meta":{"lastBranch":1,"lastFunction":1,"lastStatement":2,"seen":{"s:1:0:1:Infinity":0,"f:7:9:7:19":0,"b:9:16:9:Infinity":0,"s:12:2:21:Infinity":1},"fnNames":{}}}
,"/home/bida/Projetos/InfoDengue/epi-scanner/src/components/ui/slider.tsx": {"path":"/home/bida/Projetos/InfoDengue/epi-scanner/src/components/ui/slider.tsx","statementMap":{"0":{"start":{"line":13,"column":18},"end":{"line":17,"column":null}},"1":{"start":{"line":19,"column":2},"end":{"line":48,"column":null}},"2":{"start":{"line":41,"column":10},"end":{"line":45,"column":null}}},"fnMap":{"0":{"name":"Slider","decl":{"start":{"line":5,"column":9},"end":{"line":5,"column":16}},"loc":{"start":{"line":12,"column":31},"end":{"line":50,"column":null}},"line":12},"1":{"name":"(anonymous_1)","decl":{"start":{"line":40,"column":45},"end":{"line":40,"column":49}},"loc":{"start":{"line":41,"column":10},"end":{"line":45,"column":null}},"line":41}},"branchMap":{"0":{"loc":{"start":{"line":9,"column":2},"end":{"line":9,"column":null}},"type":"default-arg","locations":[{"start":{"line":9,"column":8},"end":{"line":9,"column":null}}],"line":9},"1":{"loc":{"start":{"line":10,"column":2},"end":{"line":10,"column":null}},"type":"default-arg","locations":[{"start":{"line":10,"column":8},"end":{"line":10,"column":null}}],"line":10},"2":{"loc":{"start":{"line":13,"column":18},"end":{"line":17,"column":null}},"type":"cond-expr","locations":[{"start":{"line":14,"column":6},"end":{"line":14,"column":null}},{"start":{"line":15,"column":6},"end":{"line":17,"column":null}}],"line":13},"3":{"loc":{"start":{"line":15,"column":6},"end":{"line":17,"column":null}},"type":"cond-expr","locations":[{"start":{"line":16,"column":8},"end":{"line":16,"column":null}},{"start":{"line":17,"column":8},"end":{"line":17,"column":null}}],"line":15}},"s":{"0":35,"1":35,"2":35},"f":{"0":35,"1":35},"b":{"0":[35],"1":[35],"2":[35,0],"3":[0,0]},"meta":{"lastBranch":4,"lastFunction":2,"lastStatement":3,"seen":{"f:5:9:5:16":0,"b:9:8:9:Infinity":0,"b:10:8:10:Infinity":1,"s:13:18:17:Infinity":0,"b:14:6:14:Infinity:15:6:17:Infinity":2,"b:16:8:16:Infinity:17:8:17:Infinity":3,"s:19:2:48:Infinity":1,"f:40:45:40:49":1,"s:41:10:45:Infinity":2},"fnNames":{}}}
,"/home/bida/Projetos/InfoDengue/epi-scanner/src/components/ui/table.tsx": {"path":"/home/bida/Projetos/InfoDengue/epi-scanner/src/components/ui/table.tsx","statementMap":{"0":{"start":{"line":1,"column":0},"end":{"line":1,"column":null}},"1":{"start":{"line":8,"column":2},"end":{"line":18,"column":null}},"2":{"start":{"line":23,"column":2},"end":{"line":28,"column":null}},"3":{"start":{"line":33,"column":2},"end":{"line":38,"column":null}},"4":{"start":{"line":43,"column":2},"end":{"line":51,"column":null}},"5":{"start":{"line":56,"column":2},"end":{"line":64,"column":null}},"6":{"start":{"line":69,"column":2},"end":{"line":77,"column":null}},"7":{"start":{"line":82,"column":2},"end":{"line":90,"column":null}},"8":{"start":{"line":98,"column":2},"end":{"line":103,"column":null}}},"fnMap":{"0":{"name":"Table","decl":{"start":{"line":7,"column":9},"end":{"line":7,"column":15}},"loc":{"start":{"line":7,"column":71},"end":{"line":20,"column":null}},"line":7},"1":{"name":"TableHeader","decl":{"start":{"line":22,"column":9},"end":{"line":22,"column":21}},"loc":{"start":{"line":22,"column":77},"end":{"line":30,"column":null}},"line":22},"2":{"name":"TableBody","decl":{"start":{"line":32,"column":9},"end":{"line":32,"column":19}},"loc":{"start":{"line":32,"column":75},"end":{"line":40,"column":null}},"line":32},"3":{"name":"TableFooter","decl":{"start":{"line":42,"column":9},"end":{"line":42,"column":21}},"loc":{"start":{"line":42,"column":77},"end":{"line":53,"column":null}},"line":42},"4":{"name":"TableRow","decl":{"start":{"line":55,"column":9},"end":{"line":55,"column":18}},"loc":{"start":{"line":55,"column":71},"end":{"line":66,"column":null}},"line":55},"5":{"name":"TableHead","decl":{"start":{"line":68,"column":9},"end":{"line":68,"column":19}},"loc":{"start":{"line":68,"column":72},"end":{"line":79,"column":null}},"line":68},"6":{"name":"TableCell","decl":{"start":{"line":81,"column":9},"end":{"line":81,"column":19}},"loc":{"start":{"line":81,"column":72},"end":{"line":92,"column":null}},"line":81},"7":{"name":"TableCaption","decl":{"start":{"line":94,"column":9},"end":{"line":94,"column":22}},"loc":{"start":{"line":97,"column":36},"end":{"line":105,"column":null}},"line":97}},"branchMap":{},"s":{"0":1,"1":1,"2":2,"3":3,"4":1,"5":3,"6":1,"7":1,"8":1},"f":{"0":1,"1":2,"2":3,"3":1,"4":3,"5":1,"6":1,"7":1},"b":{},"meta":{"lastBranch":0,"lastFunction":8,"lastStatement":9,"seen":{"s:1:0:1:Infinity":0,"f:7:9:7:15":0,"s:8:2:18:Infinity":1,"f:22:9:22:21":1,"s:23:2:28:Infinity":2,"f:32:9:32:19":2,"s:33:2:38:Infinity":3,"f:42:9:42:21":3,"s:43:2:51:Infinity":4,"f:55:9:55:18":4,"s:56:2:64:Infinity":5,"f:68:9:68:19":5,"s:69:2:77:Infinity":6,"f:81:9:81:19":6,"s:82:2:90:Infinity":7,"f:94:9:94:22":7,"s:98:2:103:Infinity":8},"fnNames":{}}}
,"/home/bida/Projetos/InfoDengue/epi-scanner/src/lib/api-client.ts": {"path":"/home/bida/Projetos/InfoDengue/epi-scanner/src/lib/api-client.ts","statementMap":{"0":{"start":{"line":1,"column":17},"end":{"line":1,"column":null}},"1":{"start":{"line":2,"column":16},"end":{"line":2,"column":null}},"2":{"start":{"line":9,"column":14},"end":{"line":9,"column":null}},"3":{"start":{"line":11,"column":2},"end":{"line":15,"column":null}},"4":{"start":{"line":12,"column":4},"end":{"line":14,"column":null}},"5":{"start":{"line":13,"column":6},"end":{"line":13,"column":null}},"6":{"start":{"line":17,"column":42},"end":{"line":20,"column":null}},"7":{"start":{"line":22,"column":14},"end":{"line":25,"column":null}},"8":{"start":{"line":27,"column":2},"end":{"line":30,"column":null}},"9":{"start":{"line":28,"column":17},"end":{"line":28,"column":null}},"10":{"start":{"line":29,"column":4},"end":{"line":29,"column":null}},"11":{"start":{"line":32,"column":2},"end":{"line":32,"column":null}},"12":{"start":{"line":36,"column":42},"end":{"line":40,"column":null}},"13":{"start":{"line":41,"column":2},"end":{"line":41,"column":null}},"14":{"start":{"line":45,"column":42},"end":{"line":49,"column":null}},"15":{"start":{"line":50,"column":2},"end":{"line":50,"column":null}}},"fnMap":{"0":{"name":"episcannerFetch","decl":{"start":{"line":4,"column":22},"end":{"line":4,"column":null}},"loc":{"start":{"line":8,"column":14},"end":{"line":33,"column":null}},"line":8},"1":{"name":"mapCID10ToDisease","decl":{"start":{"line":35,"column":16},"end":{"line":35,"column":34}},"loc":{"start":{"line":35,"column":57},"end":{"line":42,"column":null}},"line":35},"2":{"name":"mapDiseaseToCID10","decl":{"start":{"line":44,"column":16},"end":{"line":44,"column":34}},"loc":{"start":{"line":44,"column":59},"end":{"line":51,"column":null}},"line":44}},"branchMap":{"0":{"loc":{"start":{"line":1,"column":17},"end":{"line":1,"column":null}},"type":"binary-expr","locations":[{"start":{"line":1,"column":17},"end":{"line":1,"column":51}},{"start":{"line":1,"column":51},"end":{"line":1,"column":null}}],"line":1},"1":{"loc":{"start":{"line":2,"column":16},"end":{"line":2,"column":null}},"type":"binary-expr","locations":[{"start":{"line":2,"column":16},"end":{"line":2,"column":50}},{"start":{"line":2,"column":50},"end":{"line":2,"column":null}}],"line":2},"2":{"loc":{"start":{"line":6,"column":2},"end":{"line":6,"column":null}},"type":"default-arg","locations":[{"start":{"line":6,"column":56},"end":{"line":6,"column":null}}],"line":6},"3":{"loc":{"start":{"line":7,"column":2},"end":{"line":7,"column":null}},"type":"default-arg","locations":[{"start":{"line":7,"column":25},"end":{"line":7,"column":null}}],"line":7},"4":{"loc":{"start":{"line":12,"column":4},"end":{"line":14,"column":null}},"type":"if","locations":[{"start":{"line":12,"column":4},"end":{"line":14,"column":null}},{"start":{},"end":{}}],"line":12},"5":{"loc":{"start":{"line":12,"column":8},"end":{"line":12,"column":45}},"type":"binary-expr","locations":[{"start":{"line":12,"column":8},"end":{"line":12,"column":31}},{"start":{"line":12,"column":31},"end":{"line":12,"column":45}}],"line":12},"6":{"loc":{"start":{"line":27,"column":2},"end":{"line":30,"column":null}},"type":"if","locations":[{"start":{"line":27,"column":2},"end":{"line":30,"column":null}},{"start":{},"end":{}}],"line":27},"7":{"loc":{"start":{"line":41,"column":9},"end":{"line":41,"column":null}},"type":"binary-expr","locations":[{"start":{"line":41,"column":9},"end":{"line":41,"column":27}},{"start":{"line":41,"column":27},"end":{"line":41,"column":null}}],"line":41},"8":{"loc":{"start":{"line":50,"column":9},"end":{"line":50,"column":null}},"type":"binary-expr","locations":[{"start":{"line":50,"column":9},"end":{"line":50,"column":29}},{"start":{"line":50,"column":29},"end":{"line":50,"column":null}}],"line":50}},"s":{"0":5,"1":5,"2":5,"3":5,"4":4,"5":3,"6":5,"7":5,"8":5,"9":1,"10":1,"11":4,"12":0,"13":0,"14":0,"15":0},"f":{"0":5,"1":0,"2":0},"b":{"0":[5,0],"1":[5,2],"2":[5],"3":[5],"4":[3,1],"5":[4,3],"6":[1,4],"7":[0,0],"8":[0,0]},"meta":{"lastBranch":9,"lastFunction":3,"lastStatement":16,"seen":{"s:1:17:1:Infinity":0,"b:1:17:1:51:1:51:1:Infinity":0,"s:2:16:2:Infinity":1,"b:2:16:2:50:2:50:2:Infinity":1,"f:4:22:4:Infinity":0,"b:6:56:6:Infinity":2,"b:7:25:7:Infinity":3,"s:9:14:9:Infinity":2,"s:11:2:15:Infinity":3,"b:12:4:14:Infinity:undefined:undefined:undefined:undefined":4,"s:12:4:14:Infinity":4,"b:12:8:12:31:12:31:12:45":5,"s:13:6:13:Infinity":5,"s:17:42:20:Infinity":6,"s:22:14:25:Infinity":7,"b:27:2:30:Infinity:undefined:undefined:undefined:undefined":6,"s:27:2:30:Infinity":8,"s:28:17:28:Infinity":9,"s:29:4:29:Infinity":10,"s:32:2:32:Infinity":11,"f:35:16:35:34":1,"s:36:42:40:Infinity":12,"s:41:2:41:Infinity":13,"b:41:9:41:27:41:27:41:Infinity":7,"f:44:16:44:34":2,"s:45:42:49:Infinity":14,"s:50:2:50:Infinity":15,"b:50:9:50:29:50:29:50:Infinity":8},"fnNames":{}}}
,"/home/bida/Projetos/InfoDengue/epi-scanner/src/lib/base-path.ts": {"path":"/home/bida/Projetos/InfoDengue/epi-scanner/src/lib/base-path.ts","statementMap":{"0":{"start":{"line":1,"column":13},"end":{"line":1,"column":null}},"1":{"start":{"line":4,"column":2},"end":{"line":4,"column":null}}},"fnMap":{"0":{"name":"basePath","decl":{"start":{"line":3,"column":16},"end":{"line":3,"column":25}},"loc":{"start":{"line":3,"column":47},"end":{"line":5,"column":null}},"line":3}},"branchMap":{"0":{"loc":{"start":{"line":1,"column":13},"end":{"line":1,"column":null}},"type":"binary-expr","locations":[{"start":{"line":1,"column":13},"end":{"line":1,"column":51}},{"start":{"line":1,"column":51},"end":{"line":1,"column":null}}],"line":1}},"s":{"0":1,"1":3},"f":{"0":3},"b":{"0":[1,1]},"meta":{"lastBranch":1,"lastFunction":1,"lastStatement":2,"seen":{"s:1:13:1:Infinity":0,"b:1:13:1:51:1:51:1:Infinity":0,"f:3:16:3:25":0,"s:4:2:4:Infinity":1},"fnNames":{}}}
,"/home/bida/Projetos/InfoDengue/epi-scanner/src/lib/cache.ts": {"path":"/home/bida/Projetos/InfoDengue/epi-scanner/src/lib/cache.ts","statementMap":{"0":{"start":{"line":3,"column":21},"end":{"line":3,"column":null}},"1":{"start":{"line":6,"column":2},"end":{"line":12,"column":null}}},"fnMap":{"0":{"name":"cachedJson","decl":{"start":{"line":5,"column":16},"end":{"line":5,"column":27}},"loc":{"start":{"line":5,"column":63},"end":{"line":13,"column":null}},"line":5}},"branchMap":{},"s":{"0":1,"1":2},"f":{"0":2},"b":{},"meta":{"lastBranch":0,"lastFunction":1,"lastStatement":2,"seen":{"s:3:21:3:Infinity":0,"f:5:16:5:27":0,"s:6:2:12:Infinity":1},"fnNames":{}}}
,"/home/bida/Projetos/InfoDengue/epi-scanner/src/lib/constants.ts": {"path":"/home/bida/Projetos/InfoDengue/epi-scanner/src/lib/constants.ts","statementMap":{"0":{"start":{"line":1,"column":46},"end":{"line":29,"column":null}},"1":{"start":{"line":31,"column":29},"end":{"line":34,"column":null}},"2":{"start":{"line":31,"column":75},"end":{"line":34,"column":2}},"3":{"start":{"line":36,"column":24},"end":{"line":39,"column":null}},"4":{"start":{"line":41,"column":33},"end":{"line":47,"column":null}},"5":{"start":{"line":49,"column":31},"end":{"line":49,"column":null}},"6":{"start":{"line":51,"column":28},"end":{"line":51,"column":null}},"7":{"start":{"line":53,"column":24},"end":{"line":53,"column":null}}},"fnMap":{"0":{"name":"(anonymous_0)","decl":{"start":{"line":31,"column":52},"end":{"line":31,"column":57}},"loc":{"start":{"line":31,"column":75},"end":{"line":34,"column":2}},"line":31}},"branchMap":{},"s":{"0":1,"1":1,"2":27,"3":1,"4":1,"5":1,"6":1,"7":1},"f":{"0":27},"b":{},"meta":{"lastBranch":0,"lastFunction":1,"lastStatement":8,"seen":{"s:1:46:29:Infinity":0,"s:31:29:34:Infinity":1,"f:31:52:31:57":0,"s:31:75:34:2":2,"s:36:24:39:Infinity":3,"s:41:33:47:Infinity":4,"s:49:31:49:Infinity":5,"s:51:28:51:Infinity":6,"s:53:24:53:Infinity":7},"fnNames":{}}}
,"/home/bida/Projetos/InfoDengue/epi-scanner/src/lib/richards.ts": {"path":"/home/bida/Projetos/InfoDengue/epi-scanner/src/lib/richards.ts","statementMap":{"0":{"start":{"line":12,"column":2},"end":{"line":12,"column":null}},"1":{"start":{"line":25,"column":2},"end":{"line":25,"column":null}},"2":{"start":{"line":25,"column":28},"end":{"line":25,"column":52}},"3":{"start":{"line":35,"column":24},"end":{"line":35,"column":null}},"4":{"start":{"line":38,"column":24},"end":{"line":38,"column":null}},"5":{"start":{"line":39,"column":16},"end":{"line":39,"column":null}},"6":{"start":{"line":41,"column":20},"end":{"line":41,"column":null}},"7":{"start":{"line":42,"column":23},"end":{"line":42,"column":null}},"8":{"start":{"line":43,"column":22},"end":{"line":43,"column":null}},"9":{"start":{"line":44,"column":2},"end":{"line":44,"column":null}},"10":{"start":{"line":46,"column":2},"end":{"line":50,"column":null}},"11":{"start":{"line":46,"column":15},"end":{"line":46,"column":18}},"12":{"start":{"line":47,"column":14},"end":{"line":47,"column":null}},"13":{"start":{"line":48,"column":4},"end":{"line":48,"column":null}},"14":{"start":{"line":49,"column":4},"end":{"line":49,"column":null}},"15":{"start":{"line":53,"column":19},"end":{"line":53,"column":null}},"16":{"start":{"line":53,"column":39},"end":{"line":53,"column":66}},"17":{"start":{"line":54,"column":16},"end":{"line":54,"column":null}},"18":{"start":{"line":56,"column":20},"end":{"line":56,"column":null}},"19":{"start":{"line":59,"column":2},"end":{"line":63,"column":null}},"20":{"start":{"line":60,"column":4},"end":{"line":60,"column":null}},"21":{"start":{"line":62,"column":4},"end":{"line":62,"column":null}},"22":{"start":{"line":65,"column":2},"end":{"line":65,"column":null}},"23":{"start":{"line":70,"column":15},"end":{"line":70,"column":null}},"24":{"start":{"line":71,"column":20},"end":{"line":71,"column":null}},"25":{"start":{"line":72,"column":17},"end":{"line":72,"column":null}},"26":{"start":{"line":73,"column":2},"end":{"line":73,"column":null}},"27":{"start":{"line":76,"column":23},"end":{"line":76,"column":null}},"28":{"start":{"line":77,"column":2},"end":{"line":77,"column":null}},"29":{"start":{"line":79,"column":2},"end":{"line":79,"column":null}},"30":{"start":{"line":83,"column":15},"end":{"line":83,"column":null}},"31":{"start":{"line":84,"column":16},"end":{"line":84,"column":null}},"32":{"start":{"line":85,"column":14},"end":{"line":85,"column":null}},"33":{"start":{"line":86,"column":2},"end":{"line":86,"column":null}},"34":{"start":{"line":93,"column":12},"end":{"line":93,"column":null}},"35":{"start":{"line":94,"column":22},"end":{"line":94,"column":null}},"36":{"start":{"line":95,"column":15},"end":{"line":95,"column":null}},"37":{"start":{"line":96,"column":2},"end":{"line":96,"column":null}}},"fnMap":{"0":{"name":"richards","decl":{"start":{"line":5,"column":16},"end":{"line":5,"column":null}},"loc":{"start":{"line":11,"column":10},"end":{"line":13,"column":null}},"line":11},"1":{"name":"richardsVectorized","decl":{"start":{"line":18,"column":16},"end":{"line":18,"column":null}},"loc":{"start":{"line":24,"column":12},"end":{"line":26,"column":null}},"line":24},"2":{"name":"(anonymous_2)","decl":{"start":{"line":25,"column":17},"end":{"line":25,"column":22}},"loc":{"start":{"line":25,"column":28},"end":{"line":25,"column":52}},"line":25},"3":{"name":"getIniEndWeek","decl":{"start":{"line":32,"column":16},"end":{"line":32,"column":30}},"loc":{"start":{"line":32,"column":102},"end":{"line":66,"column":null}},"line":32},"4":{"name":"(anonymous_4)","decl":{"start":{"line":53,"column":25},"end":{"line":53,"column":33}},"loc":{"start":{"line":53,"column":39},"end":{"line":53,"column":66}},"line":53},"5":{"name":"getWeekStartDate","decl":{"start":{"line":68,"column":9},"end":{"line":68,"column":26}},"loc":{"start":{"line":68,"column":62},"end":{"line":80,"column":null}},"line":68},"6":{"name":"formatDate","decl":{"start":{"line":82,"column":9},"end":{"line":82,"column":20}},"loc":{"start":{"line":82,"column":37},"end":{"line":87,"column":null}},"line":82},"7":{"name":"getWeekNumber","decl":{"start":{"line":92,"column":16},"end":{"line":92,"column":30}},"loc":{"start":{"line":92,"column":55},"end":{"line":97,"column":null}},"line":92}},"branchMap":{"0":{"loc":{"start":{"line":42,"column":23},"end":{"line":42,"column":null}},"type":"cond-expr","locations":[{"start":{"line":42,"column":41},"end":{"line":42,"column":45}},{"start":{"line":42,"column":45},"end":{"line":42,"column":null}}],"line":42},"1":{"loc":{"start":{"line":59,"column":2},"end":{"line":63,"column":null}},"type":"if","locations":[{"start":{"line":59,"column":2},"end":{"line":63,"column":null}},{"start":{"line":61,"column":9},"end":{"line":63,"column":null}}],"line":59},"2":{"loc":{"start":{"line":59,"column":6},"end":{"line":59,"column":49}},"type":"binary-expr","locations":[{"start":{"line":59,"column":6},"end":{"line":59,"column":31}},{"start":{"line":59,"column":31},"end":{"line":59,"column":49}}],"line":59},"3":{"loc":{"start":{"line":71,"column":20},"end":{"line":71,"column":null}},"type":"binary-expr","locations":[{"start":{"line":71,"column":20},"end":{"line":71,"column":37}},{"start":{"line":71,"column":37},"end":{"line":71,"column":null}}],"line":71}},"s":{"0":1395,"1":3,"2":12,"3":3,"4":3,"5":3,"6":3,"7":3,"8":3,"9":3,"10":3,"11":3,"12":312,"13":312,"14":312,"15":3,"16":312,"17":3,"18":3,"19":3,"20":1,"21":2,"22":3,"23":3,"24":3,"25":3,"26":3,"27":3,"28":3,"29":3,"30":8,"31":8,"32":8,"33":8,"34":3,"35":3,"36":3,"37":3},"f":{"0":1395,"1":3,"2":12,"3":3,"4":312,"5":3,"6":8,"7":3},"b":{"0":[3,0],"1":[1,2],"2":[3,1],"3":[3,0]},"meta":{"lastBranch":4,"lastFunction":8,"lastStatement":38,"seen":{"f:5:16:5:Infinity":0,"s:12:2:12:Infinity":0,"f:18:16:18:Infinity":1,"s:25:2:25:Infinity":1,"f:25:17:25:22":2,"s:25:28:25:52":2,"f:32:16:32:30":3,"s:35:24:35:Infinity":3,"s:38:24:38:Infinity":4,"s:39:16:39:Infinity":5,"s:41:20:41:Infinity":6,"s:42:23:42:Infinity":7,"b:42:41:42:45:42:45:42:Infinity":0,"s:43:22:43:Infinity":8,"s:44:2:44:Infinity":9,"s:46:2:50:Infinity":10,"s:46:15:46:18":11,"s:47:14:47:Infinity":12,"s:48:4:48:Infinity":13,"s:49:4:49:Infinity":14,"s:53:19:53:Infinity":15,"f:53:25:53:33":4,"s:53:39:53:66":16,"s:54:16:54:Infinity":17,"s:56:20:56:Infinity":18,"b:59:2:63:Infinity:61:9:63:Infinity":1,"s:59:2:63:Infinity":19,"b:59:6:59:31:59:31:59:49":2,"s:60:4:60:Infinity":20,"s:62:4:62:Infinity":21,"s:65:2:65:Infinity":22,"f:68:9:68:26":5,"s:70:15:70:Infinity":23,"s:71:20:71:Infinity":24,"b:71:20:71:37:71:37:71:Infinity":3,"s:72:17:72:Infinity":25,"s:73:2:73:Infinity":26,"s:76:23:76:Infinity":27,"s:77:2:77:Infinity":28,"s:79:2:79:Infinity":29,"f:82:9:82:20":6,"s:83:15:83:Infinity":30,"s:84:16:84:Infinity":31,"s:85:14:85:Infinity":32,"s:86:2:86:Infinity":33,"f:92:16:92:30":7,"s:93:12:93:Infinity":34,"s:94:22:94:Infinity":35,"s:95:15:95:Infinity":36,"s:96:2:96:Infinity":37},"fnNames":{}}}
}
