TN:
SF:src/components/charts/stat-cards.tsx
FN:12,StatCards
FN:48,(anonymous_1)
FNF:2
FNH:2
FNDA:4,StatCards
FNDA:16,(anonymous_1)
DA:19,4
DA:46,4
DA:49,16
LF:3
LH:3
BRDA:17,0,0,4
BRDA:61,1,0,4
BRDA:61,1,1,12
BRF:3
BRH:3
end_of_record
TN:
SF:src/components/layout/footer.tsx
FN:1,Footer
FNF:1
FNH:1
FNDA:5,Footer
DA:2,5
DA:3,5
LF:2
LH:2
BRF:0
BRH:0
end_of_record
TN:
SF:src/components/layout/header.tsx
FN:5,DashboardHeader
FNF:1
FNH:1
FNDA:4,DashboardHeader
DA:6,4
LF:1
LH:1
BRF:0
BRH:0
end_of_record
TN:
SF:src/components/layout/sidebar.tsx
FN:66,DashboardSidebar
FN:93,(anonymous_1)
FN:98,(anonymous_2)
FN:112,(anonymous_3)
FN:117,(anonymous_4)
FN:132,(anonymous_5)
FN:138,(anonymous_6)
FN:162,(anonymous_7)
FN:168,(anonymous_8)
FN:193,(anonymous_9)
FNF:10
FNH:7
FNDA:14,DashboardSidebar
FNDA:0,(anonymous_1)
FNDA:28,(anonymous_2)
FNDA:0,(anonymous_3)
FNDA:378,(anonymous_4)
FNDA:0,(anonymous_5)
FNDA:26,(anonymous_6)
FNDA:98,(anonymous_7)
FNDA:1,(anonymous_8)
FNDA:3,(anonymous_9)
DA:1,1
DA:31,1
DA:61,1
DA:79,14
DA:80,14
DA:81,14
DA:93,0
DA:99,28
DA:112,0
DA:118,378
DA:132,0
DA:139,26
DA:163,98
DA:164,98
DA:168,1
DA:193,3
LF:16
LH:13
BRDA:74,0,0,14
BRDA:80,1,0,2
BRDA:80,1,1,12
BRDA:93,2,0,0
BRDA:93,2,1,0
BRDA:112,3,0,0
BRDA:112,3,1,0
BRDA:126,4,0,14
BRDA:126,4,1,13
BRDA:132,5,0,0
BRDA:132,5,1,0
BRDA:154,6,0,14
BRDA:154,6,1,1
BRDA:171,7,0,0
BRDA:171,7,1,98
BRDA:190,8,0,14
BRDA:190,8,1,13
BRDA:196,9,0,2
BRDA:196,9,1,11
BRDA:197,10,0,2
BRDA:197,10,1,11
BRF:21
BRH:14
end_of_record
TN:
SF:src/components/tables/rank-table.tsx
FN:10,RankTable
FN:13,(anonymous_1)
FN:16,(anonymous_2)
FN:24,(anonymous_3)
FNF:4
FNH:3
FNDA:5,RankTable
FNDA:0,(anonymous_1)
FNDA:12,(anonymous_2)
FNDA:12,(anonymous_3)
DA:13,0
DA:16,12
DA:18,5
DA:25,12
LF:4
LH:3
BRDA:13,0,0,0
BRDA:14,1,0,5
BRF:2
BRH:1
end_of_record
TN:
SF:src/components/ui/badge.tsx
FN:29,Badge
FNF:1
FNH:1
FNDA:101,Badge
DA:7,2
DA:35,101
LF:2
LH:2
BRDA:31,0,0,101
BRF:1
BRH:1
end_of_record
TN:
SF:src/components/ui/select.tsx
FN:11,SelectGroup
FN:21,SelectValue
FN:31,SelectTrigger
FN:59,SelectContent
FN:98,SelectLabel
FN:111,SelectItem
FN:139,SelectSeparator
FN:152,SelectScrollUpButton
FN:171,SelectScrollDownButton
FNF:9
FNH:9
FNDA:1,SelectGroup
FNDA:45,SelectValue
FNDA:45,SelectTrigger
FNDA:42,SelectContent
FNDA:1,SelectLabel
FNDA:2,SelectItem
FNDA:1,SelectSeparator
FNDA:1,SelectScrollUpButton
FNDA:1,SelectScrollDownButton
DA:1,3
DA:9,3
DA:12,1
DA:22,45
DA:39,45
DA:73,42
DA:102,1
DA:116,2
DA:143,1
DA:156,1
DA:175,1
LF:11
LH:11
BRDA:33,0,0,45
BRDA:62,1,0,42
BRDA:63,2,0,42
BRDA:64,3,0,42
BRDA:65,4,0,42
BRDA:66,5,0,42
BRF:6
BRH:6
end_of_record
TN:
SF:src/components/ui/separator.tsx
FN:7,Separator
FNF:1
FNH:1
FNDA:2,Separator
DA:1,1
DA:12,2
LF:2
LH:2
BRDA:9,0,0,2
BRF:1
BRH:1
end_of_record
TN:
SF:src/components/ui/slider.tsx
FN:5,Slider
FN:40,(anonymous_1)
FNF:2
FNH:2
FNDA:35,Slider
FNDA:35,(anonymous_1)
DA:13,35
DA:19,35
DA:41,35
LF:3
LH:3
BRDA:9,0,0,35
BRDA:10,1,0,35
BRDA:13,2,0,35
BRDA:13,2,1,0
BRDA:15,3,0,0
BRDA:15,3,1,0
BRF:6
BRH:3
end_of_record
TN:
SF:src/components/ui/table.tsx
FN:7,Table
FN:22,TableHeader
FN:32,TableBody
FN:42,TableFooter
FN:55,TableRow
FN:68,TableHead
FN:81,TableCell
FN:94,TableCaption
FNF:8
FNH:8
FNDA:1,Table
FNDA:2,TableHeader
FNDA:3,TableBody
FNDA:1,TableFooter
FNDA:3,TableRow
FNDA:1,TableHead
FNDA:1,TableCell
FNDA:1,TableCaption
DA:1,1
DA:8,1
DA:23,2
DA:33,3
DA:43,1
DA:56,3
DA:69,1
DA:82,1
DA:98,1
LF:9
LH:9
BRF:0
BRH:0
end_of_record
TN:
SF:src/lib/api-client.ts
FN:4,episcannerFetch
FN:35,mapCID10ToDisease
FN:44,mapDiseaseToCID10
FNF:3
FNH:1
FNDA:5,episcannerFetch
FNDA:0,mapCID10ToDisease
FNDA:0,mapDiseaseToCID10
DA:1,5
DA:2,5
DA:9,5
DA:11,5
DA:12,4
DA:13,3
DA:17,5
DA:22,5
DA:27,5
DA:28,1
DA:29,1
DA:32,4
DA:36,0
DA:41,0
DA:45,0
DA:50,0
LF:16
LH:12
BRDA:1,0,0,5
BRDA:1,0,1,0
BRDA:2,1,0,5
BRDA:2,1,1,2
BRDA:6,2,0,5
BRDA:7,3,0,5
BRDA:12,4,0,3
BRDA:12,4,1,1
BRDA:12,5,0,4
BRDA:12,5,1,3
BRDA:27,6,0,1
BRDA:27,6,1,4
BRDA:41,7,0,0
BRDA:41,7,1,0
BRDA:50,8,0,0
BRDA:50,8,1,0
BRF:16
BRH:11
end_of_record
TN:
SF:src/lib/base-path.ts
FN:3,basePath
FNF:1
FNH:1
FNDA:3,basePath
DA:1,1
DA:4,3
LF:2
LH:2
BRDA:1,0,0,1
BRDA:1,0,1,1
BRF:2
BRH:2
end_of_record
TN:
SF:src/lib/cache.ts
FN:5,cachedJson
FNF:1
FNH:1
FNDA:2,cachedJson
DA:3,1
DA:6,2
LF:2
LH:2
BRF:0
BRH:0
end_of_record
TN:
SF:src/lib/constants.ts
FN:31,(anonymous_0)
FNF:1
FNH:1
FNDA:27,(anonymous_0)
DA:1,1
DA:31,27
DA:36,1
DA:41,1
DA:49,1
DA:51,1
DA:53,1
LF:7
LH:7
BRF:0
BRH:0
end_of_record
TN:
SF:src/lib/richards.ts
FN:5,richards
FN:18,richardsVectorized
FN:25,(anonymous_2)
FN:32,getIniEndWeek
FN:53,(anonymous_4)
FN:68,getWeekStartDate
FN:82,formatDate
FN:92,getWeekNumber
FNF:8
FNH:8
FNDA:1395,richards
FNDA:3,richardsVectorized
FNDA:12,(anonymous_2)
FNDA:3,getIniEndWeek
FNDA:312,(anonymous_4)
FNDA:3,getWeekStartDate
FNDA:8,formatDate
FNDA:3,getWeekNumber
DA:12,1395
DA:25,12
DA:35,3
DA:38,3
DA:39,3
DA:41,3
DA:42,3
DA:43,3
DA:44,3
DA:46,3
DA:47,312
DA:48,312
DA:49,312
DA:53,312
DA:54,3
DA:56,3
DA:59,3
DA:60,1
DA:62,2
DA:65,3
DA:70,3
DA:71,3
DA:72,3
DA:73,3
DA:76,3
DA:77,3
DA:79,3
DA:83,8
DA:84,8
DA:85,8
DA:86,8
DA:93,3
DA:94,3
DA:95,3
DA:96,3
LF:35
LH:35
BRDA:42,0,0,3
BRDA:42,0,1,0
BRDA:59,1,0,1
BRDA:59,1,1,2
BRDA:59,2,0,3
BRDA:59,2,1,1
BRDA:71,3,0,3
BRDA:71,3,1,0
BRF:8
BRH:6
end_of_record
